[0122/120350:ERROR:process_reader_win.cc(114)] NtOpenThread: {Access Denied} A process has requested access to an object, but has not been granted those access rights.  (0xc0000022)
[0122/120350:ERROR:exception_snapshot_win.cc(87)] thread ID 5720 not found in process
[0122/120350:WARNING:crash_report_exception_handler.cc(61)] ProcessSnapshotWin::Initialize failed
[0122/120530:ERROR:process_reader_win.cc(114)] NtOpenThread: {Access Denied} A process has requested access to an object, but has not been granted those access rights.  (0xc0000022)
[0122/120531:ERROR:exception_snapshot_win.cc(87)] thread ID 2388 not found in process
[0122/120531:WARNING:crash_report_exception_handler.cc(61)] ProcessSnapshotWin::Initialize failed
[0122/122017:ERROR:process_reader_win.cc(142)] SuspendThread: Access is denied. (0x5)
[0122/122017:ERROR:process_reader_win.cc(142)] SuspendThread: Access is denied. (0x5)
[0122/122017:ERROR:process_reader_win.cc(142)] SuspendThread: Access is denied. (0x5)
[0122/122017:ERROR:process_reader_win.cc(142)] SuspendThread: Access is denied. (0x5)
[0122/122017:ERROR:process_reader_win.cc(142)] SuspendThread: Access is denied. (0x5)
[0122/122017:ERROR:process_reader_win.cc(142)] SuspendThread: Access is denied. (0x5)
[0122/122017:ERROR:process_reader_win.cc(142)] SuspendThread: Access is denied. (0x5)
[0122/122017:ERROR:process_reader_win.cc(142)] SuspendThread: Access is denied. (0x5)
[0122/122017:ERROR:process_reader_win.cc(142)] SuspendThread: Access is denied. (0x5)
[0122/122017:ERROR:process_reader_win.cc(142)] SuspendThread: Access is denied. (0x5)
[0122/122017:ERROR:process_reader_win.cc(142)] SuspendThread: Access is denied. (0x5)
[0122/122017:ERROR:process_reader_win.cc(142)] SuspendThread: Access is denied. (0x5)
[0122/122017:ERROR:process_reader_win.cc(142)] SuspendThread: Access is denied. (0x5)
[0122/122017:ERROR:process_reader_win.cc(142)] SuspendThread: Access is denied. (0x5)
[0122/122017:ERROR:process_reader_win.cc(142)] SuspendThread: Access is denied. (0x5)
[0122/122017:ERROR:process_reader_win.cc(142)] SuspendThread: Access is denied. (0x5)
[0122/122017:ERROR:process_reader_win.cc(142)] SuspendThread: Access is denied. (0x5)
[0122/122017:ERROR:process_reader_win.cc(142)] SuspendThread: Access is denied. (0x5)
[0122/122017:ERROR:process_reader_win.cc(142)] SuspendThread: Access is denied. (0x5)
[0122/122017:ERROR:process_reader_win.cc(142)] SuspendThread: Access is denied. (0x5)
[0122/122017:ERROR:process_reader_win.cc(142)] SuspendThread: Access is denied. (0x5)
[0122/122017:ERROR:process_reader_win.cc(142)] SuspendThread: Access is denied. (0x5)
[0122/122017:ERROR:process_reader_win.cc(142)] SuspendThread: Access is denied. (0x5)
[0122/122017:ERROR:process_reader_win.cc(142)] SuspendThread: Access is denied. (0x5)
[0122/122017:ERROR:process_reader_win.cc(142)] SuspendThread: Access is denied. (0x5)
[0122/122017:ERROR:process_reader_win.cc(142)] SuspendThread: Access is denied. (0x5)
[0122/122017:ERROR:process_reader_win.cc(142)] SuspendThread: Access is denied. (0x5)
[0122/122017:ERROR:process_reader_win.cc(142)] SuspendThread: Access is denied. (0x5)
[0122/122017:ERROR:process_reader_win.cc(142)] SuspendThread: Access is denied. (0x5)
[0122/122017:ERROR:process_reader_win.cc(142)] SuspendThread: Access is denied. (0x5)
[0122/122017:ERROR:process_reader_win.cc(142)] SuspendThread: Access is denied. (0x5)
[0122/122017:ERROR:process_reader_win.cc(142)] SuspendThread: Access is denied. (0x5)
[0122/122017:ERROR:process_reader_win.cc(142)] SuspendThread: Access is denied. (0x5)
[0122/122017:ERROR:process_reader_win.cc(142)] SuspendThread: Access is denied. (0x5)
[0122/122017:ERROR:process_reader_win.cc(142)] SuspendThread: Access is denied. (0x5)
[0122/122017:ERROR:process_reader_win.cc(142)] SuspendThread: Access is denied. (0x5)
[0122/122017:ERROR:process_reader_win.cc(142)] SuspendThread: Access is denied. (0x5)
[0122/122017:ERROR:process_reader_win.cc(142)] SuspendThread: Access is denied. (0x5)
[0122/122017:ERROR:process_reader_win.cc(142)] SuspendThread: Access is denied. (0x5)
[0122/122017:ERROR:process_reader_win.cc(142)] SuspendThread: Access is denied. (0x5)
[0122/122017:ERROR:process_reader_win.cc(142)] SuspendThread: Access is denied. (0x5)
[0122/122017:ERROR:process_reader_win.cc(142)] SuspendThread: Access is denied. (0x5)
[0122/122017:ERROR:process_reader_win.cc(142)] SuspendThread: Access is denied. (0x5)
[0122/122017:ERROR:process_reader_win.cc(142)] SuspendThread: Access is denied. (0x5)
[0122/122017:ERROR:process_reader_win.cc(142)] SuspendThread: Access is denied. (0x5)
[0122/122017:ERROR:process_reader_win.cc(142)] SuspendThread: Access is denied. (0x5)
[0122/122017:ERROR:process_reader_win.cc(142)] SuspendThread: Access is denied. (0x5)
[0122/122017:ERROR:process_reader_win.cc(142)] SuspendThread: Access is denied. (0x5)
[0122/122017:ERROR:process_reader_win.cc(142)] SuspendThread: Access is denied. (0x5)
[0122/122017:ERROR:process_reader_win.cc(142)] SuspendThread: Access is denied. (0x5)
[0122/122017:ERROR:process_reader_win.cc(142)] SuspendThread: Access is denied. (0x5)
[0122/122017:ERROR:process_reader_win.cc(142)] SuspendThread: Access is denied. (0x5)
[0122/122017:ERROR:process_reader_win.cc(142)] SuspendThread: Access is denied. (0x5)
[0122/122017:ERROR:process_reader_win.cc(142)] SuspendThread: Access is denied. (0x5)
[0122/122017:ERROR:process_reader_win.cc(142)] SuspendThread: Access is denied. (0x5)
[0122/122017:ERROR:process_reader_win.cc(142)] SuspendThread: Access is denied. (0x5)
[0122/122017:ERROR:process_reader_win.cc(142)] SuspendThread: Access is denied. (0x5)
[0122/122017:ERROR:process_reader_win.cc(142)] SuspendThread: Access is denied. (0x5)
[0122/122017:ERROR:process_reader_win.cc(142)] SuspendThread: Access is denied. (0x5)
[0122/122017:ERROR:process_reader_win.cc(142)] SuspendThread: Access is denied. (0x5)
[0122/122017:ERROR:process_reader_win.cc(142)] SuspendThread: Access is denied. (0x5)
[0122/122017:ERROR:process_reader_win.cc(142)] SuspendThread: Access is denied. (0x5)
[0122/122017:ERROR:process_reader_win.cc(142)] SuspendThread: Access is denied. (0x5)
[0122/122017:ERROR:process_reader_win.cc(114)] NtOpenThread: {Access Denied} A process has requested access to an object, but has not been granted those access rights.  (0xc0000022)
[0122/122017:ERROR:exception_snapshot_win.cc(87)] thread ID 12020 not found in process
[0122/122017:WARNING:crash_report_exception_handler.cc(61)] ProcessSnapshotWin::Initialize failed
[0122/122017:ERROR:process_reader_win.cc(114)] NtOpenThread: {Access Denied} A process has requested access to an object, but has not been granted those access rights.  (0xc0000022)
[0122/122017:ERROR:exception_snapshot_win.cc(87)] thread ID 11976 not found in process
[0122/122017:WARNING:crash_report_exception_handler.cc(61)] ProcessSnapshotWin::Initialize failed
[0122/122017:ERROR:process_reader_win.cc(142)] SuspendThread: Access is denied. (0x5)
[0122/122017:ERROR:process_reader_win.cc(142)] SuspendThread: Access is denied. (0x5)
[0122/122017:ERROR:process_reader_win.cc(142)] SuspendThread: Access is denied. (0x5)
[0122/122017:ERROR:process_reader_win.cc(142)] SuspendThread: Access is denied. (0x5)
[0122/122017:ERROR:process_reader_win.cc(142)] SuspendThread: Access is denied. (0x5)
[0122/122017:ERROR:process_reader_win.cc(142)] SuspendThread: Access is denied. (0x5)
[0122/122017:ERROR:process_reader_win.cc(142)] SuspendThread: Access is denied. (0x5)
[0122/122017:ERROR:process_reader_win.cc(142)] SuspendThread: Access is denied. (0x5)
[0122/122017:ERROR:process_reader_win.cc(142)] SuspendThread: Access is denied. (0x5)
[0122/122017:ERROR:process_reader_win.cc(142)] SuspendThread: Access is denied. (0x5)
[0122/122017:ERROR:process_reader_win.cc(142)] SuspendThread: Access is denied. (0x5)
[0122/122017:ERROR:process_reader_win.cc(142)] SuspendThread: Access is denied. (0x5)
[0122/122017:ERROR:process_reader_win.cc(142)] SuspendThread: Access is denied. (0x5)
[0122/122017:ERROR:process_reader_win.cc(142)] SuspendThread: Access is denied. (0x5)
[0122/122017:ERROR:process_reader_win.cc(142)] SuspendThread: Access is denied. (0x5)
[0122/122017:ERROR:process_reader_win.cc(142)] SuspendThread: Access is denied. (0x5)
[0122/122017:ERROR:process_reader_win.cc(142)] SuspendThread: Access is denied. (0x5)
[0122/122017:ERROR:process_reader_win.cc(142)] SuspendThread: Access is denied. (0x5)
[0122/122017:ERROR:process_reader_win.cc(142)] SuspendThread: Access is denied. (0x5)
[0122/122017:ERROR:process_reader_win.cc(142)] SuspendThread: Access is denied. (0x5)
[0122/122017:ERROR:process_reader_win.cc(142)] SuspendThread: Access is denied. (0x5)
[0122/122017:ERROR:process_reader_win.cc(142)] SuspendThread: Access is denied. (0x5)
[0122/122017:ERROR:process_reader_win.cc(142)] SuspendThread: Access is denied. (0x5)
[0122/122017:ERROR:process_reader_win.cc(142)] SuspendThread: Access is denied. (0x5)
[0122/122017:ERROR:process_reader_win.cc(142)] SuspendThread: Access is denied. (0x5)
[0122/122017:ERROR:process_reader_win.cc(142)] SuspendThread: Access is denied. (0x5)
[0122/122017:ERROR:process_reader_win.cc(142)] SuspendThread: Access is denied. (0x5)
[0122/122017:ERROR:process_reader_win.cc(142)] SuspendThread: Access is denied. (0x5)
[0122/122017:ERROR:process_reader_win.cc(142)] SuspendThread: Access is denied. (0x5)
[0122/122017:ERROR:process_reader_win.cc(142)] SuspendThread: Access is denied. (0x5)
[0122/122017:ERROR:process_reader_win.cc(142)] SuspendThread: Access is denied. (0x5)
[0122/122017:ERROR:process_reader_win.cc(142)] SuspendThread: Access is denied. (0x5)
[0122/122017:ERROR:process_reader_win.cc(142)] SuspendThread: Access is denied. (0x5)
[0122/122017:ERROR:process_reader_win.cc(142)] SuspendThread: Access is denied. (0x5)
[0122/122017:ERROR:process_reader_win.cc(142)] SuspendThread: Access is denied. (0x5)
[0122/122017:ERROR:process_reader_win.cc(142)] SuspendThread: Access is denied. (0x5)
[0122/122017:ERROR:process_reader_win.cc(142)] SuspendThread: Access is denied. (0x5)
[0122/122017:ERROR:process_reader_win.cc(142)] SuspendThread: Access is denied. (0x5)
[0122/122017:ERROR:process_reader_win.cc(142)] SuspendThread: Access is denied. (0x5)
[0122/122017:ERROR:process_reader_win.cc(142)] SuspendThread: Access is denied. (0x5)
[0122/122017:ERROR:process_reader_win.cc(142)] SuspendThread: Access is denied. (0x5)
[0122/122017:ERROR:process_reader_win.cc(142)] SuspendThread: Access is denied. (0x5)
[0122/122017:ERROR:process_reader_win.cc(142)] SuspendThread: Access is denied. (0x5)
[0122/122017:ERROR:process_reader_win.cc(142)] SuspendThread: Access is denied. (0x5)
[0122/122017:ERROR:process_reader_win.cc(142)] SuspendThread: Access is denied. (0x5)
[0122/122017:ERROR:process_reader_win.cc(142)] SuspendThread: Access is denied. (0x5)
[0122/122017:ERROR:process_reader_win.cc(142)] SuspendThread: Access is denied. (0x5)
[0122/122017:ERROR:process_reader_win.cc(142)] SuspendThread: Access is denied. (0x5)
[0122/122017:ERROR:process_reader_win.cc(142)] SuspendThread: Access is denied. (0x5)
[0122/122017:ERROR:process_reader_win.cc(142)] SuspendThread: Access is denied. (0x5)
[0122/122017:ERROR:process_reader_win.cc(114)] NtOpenThread: An invalid Client ID was specified.  (0xc000000b)
[0122/122017:ERROR:process_reader_win.cc(142)] SuspendThread: Access is denied. (0x5)
[0122/122017:ERROR:process_reader_win.cc(142)] SuspendThread: Access is denied. (0x5)
[0122/122017:ERROR:process_reader_win.cc(142)] SuspendThread: Access is denied. (0x5)
[0122/122017:ERROR:process_reader_win.cc(142)] SuspendThread: Access is denied. (0x5)
[0122/122017:ERROR:process_reader_win.cc(142)] SuspendThread: Access is denied. (0x5)
[0122/122017:ERROR:process_reader_win.cc(142)] SuspendThread: Access is denied. (0x5)
[0122/122017:ERROR:process_reader_win.cc(142)] SuspendThread: Access is denied. (0x5)
[0122/122017:ERROR:process_reader_win.cc(142)] SuspendThread: Access is denied. (0x5)
[0122/122017:ERROR:process_reader_win.cc(142)] SuspendThread: Access is denied. (0x5)
[0122/122017:ERROR:process_reader_win.cc(142)] SuspendThread: Access is denied. (0x5)
[0122/122017:ERROR:process_reader_win.cc(142)] SuspendThread: Access is denied. (0x5)
[0122/122017:ERROR:process_reader_win.cc(142)] SuspendThread: Access is denied. (0x5)
[0122/122017:ERROR:process_reader_win.cc(142)] SuspendThread: Access is denied. (0x5)
[0122/122017:ERROR:process_reader_win.cc(142)] SuspendThread: Access is denied. (0x5)
[0122/122017:ERROR:process_reader_win.cc(142)] SuspendThread: Access is denied. (0x5)
[0122/122017:ERROR:process_reader_win.cc(142)] SuspendThread: Access is denied. (0x5)
[0122/122017:ERROR:process_reader_win.cc(142)] SuspendThread: Access is denied. (0x5)
[0122/122017:ERROR:process_reader_win.cc(142)] SuspendThread: Access is denied. (0x5)
[0122/122017:ERROR:process_reader_win.cc(142)] SuspendThread: Access is denied. (0x5)
[0122/122017:ERROR:process_reader_win.cc(142)] SuspendThread: Access is denied. (0x5)
[0122/122017:ERROR:process_reader_win.cc(142)] SuspendThread: Access is denied. (0x5)
[0122/122017:ERROR:process_reader_win.cc(142)] SuspendThread: Access is denied. (0x5)
[0122/122017:ERROR:process_reader_win.cc(142)] SuspendThread: Access is denied. (0x5)
[0122/122017:ERROR:process_reader_win.cc(142)] SuspendThread: Access is denied. (0x5)
[0122/122017:ERROR:process_reader_win.cc(142)] SuspendThread: Access is denied. (0x5)
[0122/122017:ERROR:process_reader_win.cc(142)] SuspendThread: Access is denied. (0x5)
[0122/122017:ERROR:process_reader_win.cc(142)] SuspendThread: Access is denied. (0x5)
[0122/122017:ERROR:process_reader_win.cc(142)] SuspendThread: Access is denied. (0x5)
[0122/122017:ERROR:process_reader_win.cc(142)] SuspendThread: Access is denied. (0x5)
[0122/122017:ERROR:process_reader_win.cc(142)] SuspendThread: Access is denied. (0x5)
[0122/122017:ERROR:process_reader_win.cc(142)] SuspendThread: Access is denied. (0x5)
[0122/122017:ERROR:process_reader_win.cc(142)] SuspendThread: Access is denied. (0x5)
[0122/122017:ERROR:process_reader_win.cc(142)] SuspendThread: Access is denied. (0x5)
[0122/122017:ERROR:process_reader_win.cc(142)] SuspendThread: Access is denied. (0x5)
[0122/122017:ERROR:process_reader_win.cc(142)] SuspendThread: Access is denied. (0x5)
[0122/122017:ERROR:process_reader_win.cc(142)] SuspendThread: Access is denied. (0x5)
[0122/122017:ERROR:process_reader_win.cc(142)] SuspendThread: Access is denied. (0x5)
[0122/122017:ERROR:process_reader_win.cc(142)] SuspendThread: Access is denied. (0x5)
[0122/122017:ERROR:process_reader_win.cc(142)] SuspendThread: Access is denied. (0x5)
[0122/122017:ERROR:process_reader_win.cc(142)] SuspendThread: Access is denied. (0x5)
[0122/122017:ERROR:process_reader_win.cc(142)] SuspendThread: Access is denied. (0x5)
[0122/122017:ERROR:process_reader_win.cc(142)] SuspendThread: Access is denied. (0x5)
[0122/122017:ERROR:process_reader_win.cc(114)] NtOpenThread: {Access Denied} A process has requested access to an object, but has not been granted those access rights.  (0xc0000022)
[0122/122017:ERROR:process_reader_win.cc(142)] SuspendThread: Access is denied. (0x5)
[0122/122017:ERROR:exception_snapshot_win.cc(87)] thread ID 11932 not found in process
[0122/122017:WARNING:crash_report_exception_handler.cc(61)] ProcessSnapshotWin::Initialize failed
[0122/122017:ERROR:process_reader_win.cc(142)] SuspendThread: Access is denied. (0x5)
[0122/122017:ERROR:process_reader_win.cc(114)] NtOpenThread: {Access Denied} A process has requested access to an object, but has not been granted those access rights.  (0xc0000022)
[0122/122017:ERROR:exception_snapshot_win.cc(87)] thread ID 4080 not found in process
[0122/122017:ERROR:process_reader_win.cc(114)] NtOpenThread: An invalid Client ID was specified.  (0xc000000b)
[0122/122017:WARNING:crash_report_exception_handler.cc(61)] ProcessSnapshotWin::Initialize failed
[0122/122017:ERROR:process_reader_win.cc(142)] SuspendThread: Access is denied. (0x5)
[0122/122017:ERROR:process_reader_win.cc(114)] NtOpenThread: {Access Denied} A process has requested access to an object, but has not been granted those access rights.  (0xc0000022)
[0122/122017:ERROR:process_reader_win.cc(142)] SuspendThread: Access is denied. (0x5)
[0122/122017:ERROR:exception_snapshot_win.cc(87)] thread ID 7092 not found in process
[0122/122017:ERROR:process_reader_win.cc(142)] SuspendThread: Access is denied. (0x5)
[0122/122017:WARNING:crash_report_exception_handler.cc(61)] ProcessSnapshotWin::Initialize failed
[0122/122017:ERROR:process_reader_win.cc(142)] SuspendThread: Access is denied. (0x5)
[0122/122017:ERROR:process_reader_win.cc(142)] SuspendThread: Access is denied. (0x5)
[0122/122017:ERROR:process_reader_win.cc(142)] SuspendThread: Access is denied. (0x5)
[0122/122017:ERROR:process_reader_win.cc(142)] SuspendThread: Access is denied. (0x5)
[0122/122017:ERROR:process_reader_win.cc(142)] SuspendThread: Access is denied. (0x5)
[0122/122017:ERROR:process_reader_win.cc(142)] SuspendThread: Access is denied. (0x5)
[0122/122017:ERROR:process_reader_win.cc(142)] SuspendThread: Access is denied. (0x5)
[0122/122017:ERROR:process_reader_win.cc(142)] SuspendThread: Access is denied. (0x5)
[0122/122017:ERROR:process_reader_win.cc(142)] SuspendThread: Access is denied. (0x5)
[0122/122017:ERROR:process_reader_win.cc(114)] NtOpenThread: {Access Denied} A process has requested access to an object, but has not been granted those access rights.  (0xc0000022)
[0122/122017:ERROR:exception_snapshot_win.cc(87)] thread ID 11800 not found in process
[0122/122017:WARNING:crash_report_exception_handler.cc(61)] ProcessSnapshotWin::Initialize failed
[0122/122017:ERROR:process_reader_win.cc(142)] SuspendThread: Access is denied. (0x5)
[0122/122017:ERROR:process_reader_win.cc(142)] SuspendThread: Access is denied. (0x5)
[0122/122017:ERROR:process_reader_win.cc(142)] SuspendThread: Access is denied. (0x5)
[0122/122017:ERROR:process_reader_win.cc(142)] SuspendThread: Access is denied. (0x5)
[0122/122017:ERROR:process_reader_win.cc(142)] SuspendThread: Access is denied. (0x5)
[0122/122017:ERROR:process_reader_win.cc(142)] SuspendThread: Access is denied. (0x5)
[0122/122017:ERROR:process_reader_win.cc(142)] SuspendThread: Access is denied. (0x5)
[0122/122017:ERROR:process_reader_win.cc(142)] SuspendThread: Access is denied. (0x5)
[0122/122017:ERROR:process_reader_win.cc(142)] SuspendThread: Access is denied. (0x5)
[0122/122017:ERROR:process_reader_win.cc(142)] SuspendThread: Access is denied. (0x5)
[0122/122017:ERROR:process_reader_win.cc(142)] SuspendThread: Access is denied. (0x5)
[0122/122017:ERROR:process_reader_win.cc(142)] SuspendThread: Access is denied. (0x5)
[0122/122017:ERROR:process_reader_win.cc(142)] SuspendThread: Access is denied. (0x5)
[0122/122017:ERROR:process_reader_win.cc(142)] SuspendThread: Access is denied. (0x5)
[0122/122017:ERROR:process_reader_win.cc(142)] SuspendThread: Access is denied. (0x5)
[0122/122017:ERROR:process_reader_win.cc(142)] SuspendThread: Access is denied. (0x5)
[0122/122017:ERROR:process_reader_win.cc(142)] SuspendThread: Access is denied. (0x5)
[0122/122017:ERROR:process_reader_win.cc(142)] SuspendThread: Access is denied. (0x5)
[0122/122017:ERROR:process_reader_win.cc(142)] SuspendThread: Access is denied. (0x5)
[0122/122017:ERROR:process_reader_win.cc(142)] SuspendThread: Access is denied. (0x5)
[0122/122017:ERROR:process_reader_win.cc(142)] SuspendThread: Access is denied. (0x5)
[0122/122017:ERROR:process_reader_win.cc(142)] SuspendThread: Access is denied. (0x5)
[0122/122017:ERROR:process_reader_win.cc(142)] SuspendThread: Access is denied. (0x5)
[0122/122017:ERROR:process_reader_win.cc(142)] SuspendThread: Access is denied. (0x5)
[0122/122017:ERROR:process_reader_win.cc(142)] SuspendThread: Access is denied. (0x5)
[0122/122017:ERROR:process_reader_win.cc(142)] SuspendThread: Access is denied. (0x5)
[0122/122017:ERROR:process_reader_win.cc(114)] NtOpenThread: {Access Denied} A process has requested access to an object, but has not been granted those access rights.  (0xc0000022)
[0122/122017:ERROR:exception_snapshot_win.cc(87)] thread ID 11952 not found in process
[0122/122017:WARNING:crash_report_exception_handler.cc(61)] ProcessSnapshotWin::Initialize failed
[0122/133645:ERROR:process_reader_win.cc(114)] NtOpenThread: {Access Denied} A process has requested access to an object, but has not been granted those access rights.  (0xc0000022)
[0122/133645:ERROR:process_reader_win.cc(114)] NtOpenThread: {Access Denied} A process has requested access to an object, but has not been granted those access rights.  (0xc0000022)
[0122/133645:ERROR:exception_snapshot_win.cc(87)] thread ID 13688 not found in process
[0122/133645:WARNING:crash_report_exception_handler.cc(61)] ProcessSnapshotWin::Initialize failed
[0122/133645:ERROR:process_reader_win.cc(114)] NtOpenThread: {Access Denied} A process has requested access to an object, but has not been granted those access rights.  (0xc0000022)
[0122/133645:ERROR:exception_snapshot_win.cc(87)] thread ID 13700 not found in process
[0122/133645:WARNING:crash_report_exception_handler.cc(61)] ProcessSnapshotWin::Initialize failed
[0122/133645:ERROR:process_reader_win.cc(114)] NtOpenThread: {Access Denied} A process has requested access to an object, but has not been granted those access rights.  (0xc0000022)
[0122/133645:ERROR:exception_snapshot_win.cc(87)] thread ID 13692 not found in process
[0122/133645:WARNING:crash_report_exception_handler.cc(61)] ProcessSnapshotWin::Initialize failed
[0122/133645:ERROR:process_reader_win.cc(142)] SuspendThread: Access is denied. (0x5)
[0122/133645:ERROR:process_reader_win.cc(142)] SuspendThread: Access is denied. (0x5)
[0122/133645:ERROR:process_reader_win.cc(142)] SuspendThread: Access is denied. (0x5)
[0122/133645:ERROR:process_reader_win.cc(142)] SuspendThread: Access is denied. (0x5)
[0122/133645:ERROR:process_reader_win.cc(142)] SuspendThread: Access is denied. (0x5)
[0122/133645:ERROR:exception_snapshot_win.cc(87)] thread ID 13684 not found in process
[0122/133645:WARNING:crash_report_exception_handler.cc(61)] ProcessSnapshotWin::Initialize failed
[0122/133645:ERROR:process_reader_win.cc(142)] SuspendThread: Access is denied. (0x5)
[0122/133645:ERROR:process_reader_win.cc(142)] SuspendThread: Access is denied. (0x5)
[0122/133645:ERROR:process_reader_win.cc(142)] SuspendThread: Access is denied. (0x5)
[0122/133645:ERROR:process_reader_win.cc(142)] SuspendThread: Access is denied. (0x5)
[0122/133645:ERROR:process_reader_win.cc(142)] SuspendThread: Access is denied. (0x5)
[0122/133645:ERROR:process_reader_win.cc(142)] SuspendThread: Access is denied. (0x5)
[0122/133645:ERROR:process_reader_win.cc(142)] SuspendThread: Access is denied. (0x5)
[0122/133645:ERROR:process_reader_win.cc(142)] SuspendThread: Access is denied. (0x5)
[0122/133645:ERROR:process_reader_win.cc(142)] SuspendThread: Access is denied. (0x5)
[0122/133645:ERROR:process_reader_win.cc(142)] SuspendThread: Access is denied. (0x5)
[0122/133645:ERROR:process_reader_win.cc(114)] NtOpenThread: An invalid Client ID was specified.  (0xc000000b)
[0122/133645:ERROR:process_reader_win.cc(142)] SuspendThread: Access is denied. (0x5)
[0122/133645:ERROR:process_reader_win.cc(142)] SuspendThread: Access is denied. (0x5)
[0122/133645:ERROR:process_reader_win.cc(142)] SuspendThread: Access is denied. (0x5)
[0122/133645:ERROR:process_reader_win.cc(142)] SuspendThread: Access is denied. (0x5)
[0122/133645:ERROR:process_reader_win.cc(142)] SuspendThread: Access is denied. (0x5)
[0122/133645:ERROR:process_reader_win.cc(142)] SuspendThread: Access is denied. (0x5)
[0122/133645:ERROR:process_reader_win.cc(142)] SuspendThread: Access is denied. (0x5)
[0122/133645:ERROR:process_reader_win.cc(142)] SuspendThread: Access is denied. (0x5)
[0122/133645:ERROR:process_reader_win.cc(142)] SuspendThread: Access is denied. (0x5)
[0122/133645:ERROR:process_reader_win.cc(142)] SuspendThread: Access is denied. (0x5)
[0122/133645:ERROR:process_reader_win.cc(142)] SuspendThread: Access is denied. (0x5)
[0122/133645:ERROR:process_reader_win.cc(142)] SuspendThread: Access is denied. (0x5)
[0122/133645:ERROR:process_reader_win.cc(142)] SuspendThread: Access is denied. (0x5)
[0122/133645:ERROR:process_reader_win.cc(142)] SuspendThread: Access is denied. (0x5)
[0122/133645:ERROR:process_reader_win.cc(142)] SuspendThread: Access is denied. (0x5)
[0122/133645:ERROR:process_reader_win.cc(142)] SuspendThread: Access is denied. (0x5)
[0122/133645:ERROR:process_reader_win.cc(142)] SuspendThread: Access is denied. (0x5)
[0122/133645:ERROR:process_reader_win.cc(142)] SuspendThread: Access is denied. (0x5)
[0122/133645:ERROR:process_reader_win.cc(114)] NtOpenThread: {Access Denied} A process has requested access to an object, but has not been granted those access rights.  (0xc0000022)
[0122/133645:ERROR:exception_snapshot_win.cc(87)] thread ID 13696 not found in process
[0122/133645:WARNING:crash_report_exception_handler.cc(61)] ProcessSnapshotWin::Initialize failed
[0122/133645:ERROR:process_reader_win.cc(114)] NtOpenThread: {Access Denied} A process has requested access to an object, but has not been granted those access rights.  (0xc0000022)
[0122/133645:ERROR:exception_snapshot_win.cc(87)] thread ID 13716 not found in process
[0122/133645:WARNING:crash_report_exception_handler.cc(61)] ProcessSnapshotWin::Initialize failed
[0122/133645:ERROR:process_reader_win.cc(114)] NtOpenThread: {Access Denied} A process has requested access to an object, but has not been granted those access rights.  (0xc0000022)
[0122/133645:ERROR:exception_snapshot_win.cc(87)] thread ID 13708 not found in process
[0122/133645:ERROR:process_reader_win.cc(114)] NtOpenThread: {Access Denied} A process has requested access to an object, but has not been granted those access rights.  (0xc0000022)
[0122/133645:WARNING:crash_report_exception_handler.cc(61)] ProcessSnapshotWin::Initialize failed
[0122/133645:ERROR:exception_snapshot_win.cc(87)] thread ID 13724 not found in process
[0122/133645:WARNING:crash_report_exception_handler.cc(61)] ProcessSnapshotWin::Initialize failed
[0122/133645:ERROR:process_reader_win.cc(114)] NtOpenThread: {Access Denied} A process has requested access to an object, but has not been granted those access rights.  (0xc0000022)
[0122/133645:ERROR:exception_snapshot_win.cc(87)] thread ID 13732 not found in process
[0122/133645:WARNING:crash_report_exception_handler.cc(61)] ProcessSnapshotWin::Initialize failed
[0122/133645:ERROR:process_reader_win.cc(114)] NtOpenThread: {Access Denied} A process has requested access to an object, but has not been granted those access rights.  (0xc0000022)
[0122/133645:ERROR:exception_snapshot_win.cc(87)] thread ID 13712 not found in process
[0122/133645:WARNING:crash_report_exception_handler.cc(61)] ProcessSnapshotWin::Initialize failed
[0122/133958:ERROR:process_reader_win.cc(114)] NtOpenThread: {Access Denied} A process has requested access to an object, but has not been granted those access rights.  (0xc0000022)
[0122/133958:ERROR:exception_snapshot_win.cc(87)] thread ID 11360 not found in process
[0122/133958:ERROR:process_reader_win.cc(114)] NtOpenThread: {Access Denied} A process has requested access to an object, but has not been granted those access rights.  (0xc0000022)
[0122/133958:WARNING:crash_report_exception_handler.cc(61)] ProcessSnapshotWin::Initialize failed
[0122/133958:ERROR:exception_snapshot_win.cc(87)] thread ID 11196 not found in process
[0122/133958:WARNING:crash_report_exception_handler.cc(61)] ProcessSnapshotWin::Initialize failed
[0122/160211:ERROR:process_reader_win.cc(114)] NtOpenThread: {Access Denied} A process has requested access to an object, but has not been granted those access rights.  (0xc0000022)
[0122/160212:ERROR:exception_snapshot_win.cc(87)] thread ID 18260 not found in process
[0122/160211:ERROR:process_reader_win.cc(114)] NtOpenThread: {Access Denied} A process has requested access to an object, but has not been granted those access rights.  (0xc0000022)
[0122/160212:WARNING:crash_report_exception_handler.cc(61)] ProcessSnapshotWin::Initialize failed
[0122/160212:ERROR:exception_snapshot_win.cc(87)] thread ID 20472 not found in process
[0122/160212:WARNING:crash_report_exception_handler.cc(61)] ProcessSnapshotWin::Initialize failed
[0124/131137:ERROR:process_reader_win.cc(114)] NtOpenThread: {Access Denied} A process has requested access to an object, but has not been granted those access rights.  (0xc0000022)
[0124/131137:ERROR:exception_snapshot_win.cc(87)] thread ID 12960 not found in process
[0124/131137:WARNING:crash_report_exception_handler.cc(61)] ProcessSnapshotWin::Initialize failed
[0124/133256:ERROR:process_reader_win.cc(142)] SuspendThread: Access is denied. (0x5)
[0124/133256:ERROR:process_reader_win.cc(142)] SuspendThread: Access is denied. (0x5)
[0124/133256:ERROR:process_reader_win.cc(142)] SuspendThread: Access is denied. (0x5)
[0124/133256:ERROR:process_reader_win.cc(142)] SuspendThread: Access is denied. (0x5)
[0124/133256:ERROR:process_reader_win.cc(142)] SuspendThread: Access is denied. (0x5)
[0124/133256:ERROR:process_reader_win.cc(142)] SuspendThread: Access is denied. (0x5)
[0124/133256:ERROR:process_reader_win.cc(142)] SuspendThread: Access is denied. (0x5)
[0124/133256:ERROR:process_reader_win.cc(142)] SuspendThread: Access is denied. (0x5)
[0124/133256:ERROR:process_reader_win.cc(142)] SuspendThread: Access is denied. (0x5)
[0124/133256:ERROR:process_reader_win.cc(114)] NtOpenThread: {Access Denied} A process has requested access to an object, but has not been granted those access rights.  (0xc0000022)
[0124/133256:ERROR:process_reader_win.cc(142)] SuspendThread: Access is denied. (0x5)
[0124/133256:ERROR:process_reader_win.cc(142)] SuspendThread: Access is denied. (0x5)
[0124/133256:ERROR:process_reader_win.cc(142)] SuspendThread: Access is denied. (0x5)
[0124/133256:ERROR:exception_snapshot_win.cc(87)] thread ID 12064 not found in process
[0124/133256:ERROR:process_reader_win.cc(142)] SuspendThread: Access is denied. (0x5)
[0124/133256:ERROR:process_reader_win.cc(142)] SuspendThread: Access is denied. (0x5)
[0124/133256:WARNING:crash_report_exception_handler.cc(61)] ProcessSnapshotWin::Initialize failed
[0124/133256:ERROR:process_reader_win.cc(142)] SuspendThread: Access is denied. (0x5)
[0124/133256:ERROR:process_reader_win.cc(142)] SuspendThread: Access is denied. (0x5)
[0124/133256:ERROR:process_reader_win.cc(114)] NtOpenThread: {Access Denied} A process has requested access to an object, but has not been granted those access rights.  (0xc0000022)
[0124/133256:ERROR:process_reader_win.cc(142)] SuspendThread: Access is denied. (0x5)
[0124/133256:ERROR:exception_snapshot_win.cc(87)] thread ID 5268 not found in process
[0124/133256:ERROR:process_reader_win.cc(142)] SuspendThread: Access is denied. (0x5)
[0124/133256:ERROR:process_reader_win.cc(142)] SuspendThread: Access is denied. (0x5)
[0124/133256:WARNING:crash_report_exception_handler.cc(61)] ProcessSnapshotWin::Initialize failed
[0124/133256:ERROR:process_reader_win.cc(142)] SuspendThread: Access is denied. (0x5)
[0124/133256:ERROR:process_reader_win.cc(142)] SuspendThread: Access is denied. (0x5)
[0124/133256:ERROR:process_reader_win.cc(142)] SuspendThread: Access is denied. (0x5)
[0124/133256:ERROR:process_reader_win.cc(142)] SuspendThread: Access is denied. (0x5)
[0124/133256:ERROR:process_reader_win.cc(142)] SuspendThread: Access is denied. (0x5)
[0124/133256:ERROR:process_reader_win.cc(142)] SuspendThread: Access is denied. (0x5)
[0124/133256:ERROR:process_reader_win.cc(142)] SuspendThread: Access is denied. (0x5)
[0124/133256:ERROR:process_reader_win.cc(142)] SuspendThread: Access is denied. (0x5)
[0124/133256:ERROR:process_reader_win.cc(142)] SuspendThread: Access is denied. (0x5)
[0124/133256:ERROR:process_reader_win.cc(142)] SuspendThread: Access is denied. (0x5)
[0124/133256:ERROR:process_reader_win.cc(142)] SuspendThread: Access is denied. (0x5)
[0124/133256:ERROR:process_reader_win.cc(142)] SuspendThread: Access is denied. (0x5)
[0124/133256:ERROR:process_reader_win.cc(142)] SuspendThread: Access is denied. (0x5)
[0124/133256:ERROR:process_reader_win.cc(142)] SuspendThread: Access is denied. (0x5)
[0124/133256:ERROR:process_reader_win.cc(142)] SuspendThread: Access is denied. (0x5)
[0124/133256:ERROR:process_reader_win.cc(142)] SuspendThread: Access is denied. (0x5)
[0124/133256:ERROR:process_reader_win.cc(142)] SuspendThread: Access is denied. (0x5)
[0124/133256:ERROR:process_reader_win.cc(142)] SuspendThread: Access is denied. (0x5)
[0124/133256:ERROR:process_reader_win.cc(142)] SuspendThread: Access is denied. (0x5)
[0124/133256:ERROR:process_reader_win.cc(142)] SuspendThread: Access is denied. (0x5)
[0124/133256:ERROR:process_reader_win.cc(142)] SuspendThread: Access is denied. (0x5)
[0124/133256:ERROR:process_reader_win.cc(142)] SuspendThread: Access is denied. (0x5)
[0124/133256:ERROR:process_reader_win.cc(142)] SuspendThread: Access is denied. (0x5)
[0124/133256:ERROR:process_reader_win.cc(142)] SuspendThread: Access is denied. (0x5)
[0124/133256:ERROR:process_reader_win.cc(142)] SuspendThread: Access is denied. (0x5)
[0124/133256:ERROR:process_reader_win.cc(142)] SuspendThread: Access is denied. (0x5)
[0124/133256:ERROR:process_reader_win.cc(142)] SuspendThread: Access is denied. (0x5)
[0124/133256:ERROR:process_reader_win.cc(142)] SuspendThread: Access is denied. (0x5)
[0124/133256:ERROR:process_reader_win.cc(142)] SuspendThread: Access is denied. (0x5)
[0124/133256:ERROR:process_reader_win.cc(142)] SuspendThread: Access is denied. (0x5)
[0124/133256:ERROR:process_reader_win.cc(142)] SuspendThread: Access is denied. (0x5)
[0124/133256:ERROR:process_reader_win.cc(142)] SuspendThread: Access is denied. (0x5)
[0124/133256:ERROR:process_reader_win.cc(142)] SuspendThread: Access is denied. (0x5)
[0124/133256:ERROR:process_reader_win.cc(142)] SuspendThread: Access is denied. (0x5)
[0124/133256:ERROR:process_reader_win.cc(142)] SuspendThread: Access is denied. (0x5)
[0124/133256:ERROR:process_reader_win.cc(142)] SuspendThread: Access is denied. (0x5)
[0124/133256:ERROR:process_reader_win.cc(142)] SuspendThread: Access is denied. (0x5)
[0124/133256:ERROR:process_reader_win.cc(142)] SuspendThread: Access is denied. (0x5)
[0124/133256:ERROR:process_reader_win.cc(142)] SuspendThread: Access is denied. (0x5)
[0124/133256:ERROR:process_reader_win.cc(142)] SuspendThread: Access is denied. (0x5)
[0124/133256:ERROR:process_reader_win.cc(142)] SuspendThread: Access is denied. (0x5)
[0124/133256:ERROR:process_reader_win.cc(142)] SuspendThread: Access is denied. (0x5)
[0124/133256:ERROR:process_reader_win.cc(142)] SuspendThread: Access is denied. (0x5)
[0124/133256:ERROR:process_reader_win.cc(142)] SuspendThread: Access is denied. (0x5)
[0124/133256:ERROR:process_reader_win.cc(142)] SuspendThread: Access is denied. (0x5)
[0124/133256:ERROR:process_reader_win.cc(142)] SuspendThread: Access is denied. (0x5)
[0124/133256:ERROR:process_reader_win.cc(142)] SuspendThread: Access is denied. (0x5)
[0124/133256:ERROR:process_reader_win.cc(142)] SuspendThread: Access is denied. (0x5)
[0124/133256:ERROR:process_reader_win.cc(142)] SuspendThread: Access is denied. (0x5)
[0124/133256:ERROR:process_reader_win.cc(142)] SuspendThread: Access is denied. (0x5)
[0124/133256:ERROR:process_reader_win.cc(142)] SuspendThread: Access is denied. (0x5)
[0124/133256:ERROR:process_reader_win.cc(142)] SuspendThread: Access is denied. (0x5)
[0124/133256:ERROR:process_reader_win.cc(114)] NtOpenThread: {Access Denied} A process has requested access to an object, but has not been granted those access rights.  (0xc0000022)
[0124/133256:ERROR:exception_snapshot_win.cc(87)] thread ID 10344 not found in process
[0124/133256:WARNING:crash_report_exception_handler.cc(61)] ProcessSnapshotWin::Initialize failed
[0124/133256:ERROR:process_reader_win.cc(114)] NtOpenThread: {Access Denied} A process has requested access to an object, but has not been granted those access rights.  (0xc0000022)
[0124/133256:ERROR:exception_snapshot_win.cc(87)] thread ID 8364 not found in process
[0124/133256:WARNING:crash_report_exception_handler.cc(61)] ProcessSnapshotWin::Initialize failed
[0124/133256:ERROR:process_reader_win.cc(142)] SuspendThread: Access is denied. (0x5)
[0124/133256:ERROR:process_reader_win.cc(142)] SuspendThread: Access is denied. (0x5)
[0124/133256:ERROR:process_reader_win.cc(142)] SuspendThread: Access is denied. (0x5)
[0124/133256:ERROR:process_reader_win.cc(142)] SuspendThread: Access is denied. (0x5)
[0124/133256:ERROR:process_reader_win.cc(142)] SuspendThread: Access is denied. (0x5)
[0124/133256:ERROR:process_reader_win.cc(142)] SuspendThread: Access is denied. (0x5)
[0124/133256:ERROR:process_reader_win.cc(142)] SuspendThread: Access is denied. (0x5)
[0124/133256:ERROR:process_reader_win.cc(142)] SuspendThread: Access is denied. (0x5)
[0124/133256:ERROR:process_reader_win.cc(142)] SuspendThread: Access is denied. (0x5)
[0124/133256:ERROR:process_reader_win.cc(142)] SuspendThread: Access is denied. (0x5)
[0124/133256:ERROR:process_reader_win.cc(142)] SuspendThread: Access is denied. (0x5)
[0124/133256:ERROR:process_reader_win.cc(142)] SuspendThread: Access is denied. (0x5)
[0124/133256:ERROR:process_reader_win.cc(142)] SuspendThread: Access is denied. (0x5)
[0124/133256:ERROR:process_reader_win.cc(142)] SuspendThread: Access is denied. (0x5)
[0124/133256:ERROR:process_reader_win.cc(142)] SuspendThread: Access is denied. (0x5)
[0124/133256:ERROR:process_reader_win.cc(142)] SuspendThread: Access is denied. (0x5)
[0124/133256:ERROR:process_reader_win.cc(142)] SuspendThread: Access is denied. (0x5)
[0124/133256:ERROR:process_reader_win.cc(142)] SuspendThread: Access is denied. (0x5)
[0124/133256:ERROR:process_reader_win.cc(142)] SuspendThread: Access is denied. (0x5)
[0124/133256:ERROR:process_reader_win.cc(142)] SuspendThread: Access is denied. (0x5)
[0124/133256:ERROR:process_reader_win.cc(142)] SuspendThread: Access is denied. (0x5)
[0124/133256:ERROR:process_reader_win.cc(142)] SuspendThread: Access is denied. (0x5)
[0124/133256:ERROR:process_reader_win.cc(142)] SuspendThread: Access is denied. (0x5)
[0124/133256:ERROR:process_reader_win.cc(142)] SuspendThread: Access is denied. (0x5)
[0124/133256:ERROR:process_reader_win.cc(142)] SuspendThread: Access is denied. (0x5)
[0124/133256:ERROR:process_reader_win.cc(142)] SuspendThread: Access is denied. (0x5)
[0124/133256:ERROR:process_reader_win.cc(142)] SuspendThread: Access is denied. (0x5)
[0124/133256:ERROR:process_reader_win.cc(142)] SuspendThread: Access is denied. (0x5)
[0124/133256:ERROR:process_reader_win.cc(142)] SuspendThread: Access is denied. (0x5)
[0124/133256:ERROR:process_reader_win.cc(142)] SuspendThread: Access is denied. (0x5)
[0124/133256:ERROR:process_reader_win.cc(142)] SuspendThread: Access is denied. (0x5)
[0124/133256:ERROR:process_reader_win.cc(142)] SuspendThread: Access is denied. (0x5)
[0124/133256:ERROR:process_reader_win.cc(142)] SuspendThread: Access is denied. (0x5)
[0124/133256:ERROR:process_reader_win.cc(142)] SuspendThread: Access is denied. (0x5)
[0124/133256:ERROR:process_reader_win.cc(142)] SuspendThread: Access is denied. (0x5)
[0124/133256:ERROR:process_reader_win.cc(142)] SuspendThread: Access is denied. (0x5)
[0124/133256:ERROR:process_reader_win.cc(142)] SuspendThread: Access is denied. (0x5)
[0124/133256:ERROR:process_reader_win.cc(142)] SuspendThread: Access is denied. (0x5)
[0124/133256:ERROR:process_reader_win.cc(142)] SuspendThread: Access is denied. (0x5)
[0124/133256:ERROR:process_reader_win.cc(142)] SuspendThread: Access is denied. (0x5)
[0124/133256:ERROR:process_reader_win.cc(142)] SuspendThread: Access is denied. (0x5)
[0124/133256:ERROR:process_reader_win.cc(142)] SuspendThread: Access is denied. (0x5)
[0124/133256:ERROR:process_reader_win.cc(142)] SuspendThread: Access is denied. (0x5)
[0124/133256:ERROR:process_reader_win.cc(142)] SuspendThread: Access is denied. (0x5)
[0124/133256:ERROR:process_reader_win.cc(114)] NtOpenThread: {Access Denied} A process has requested access to an object, but has not been granted those access rights.  (0xc0000022)
[0124/133256:ERROR:process_reader_win.cc(142)] SuspendThread: Access is denied. (0x5)
[0124/133256:ERROR:process_reader_win.cc(142)] SuspendThread: Access is denied. (0x5)
[0124/133256:ERROR:exception_snapshot_win.cc(87)] thread ID 3652 not found in process
[0124/133256:WARNING:crash_report_exception_handler.cc(61)] ProcessSnapshotWin::Initialize failed
[0124/133256:ERROR:process_reader_win.cc(114)] NtOpenThread: {Access Denied} A process has requested access to an object, but has not been granted those access rights.  (0xc0000022)
[0124/133256:ERROR:exception_snapshot_win.cc(87)] thread ID 3224 not found in process
[0124/133256:WARNING:crash_report_exception_handler.cc(61)] ProcessSnapshotWin::Initialize failed
[0124/133256:ERROR:process_reader_win.cc(114)] NtOpenThread: {Access Denied} A process has requested access to an object, but has not been granted those access rights.  (0xc0000022)
[0124/133256:ERROR:exception_snapshot_win.cc(87)] thread ID 12556 not found in process
[0124/133256:WARNING:crash_report_exception_handler.cc(61)] ProcessSnapshotWin::Initialize failed
[0124/133257:ERROR:process_reader_win.cc(114)] NtOpenThread: {Access Denied} A process has requested access to an object, but has not been granted those access rights.  (0xc0000022)
[0124/133257:ERROR:exception_snapshot_win.cc(87)] thread ID 7988 not found in process
[0124/133257:WARNING:crash_report_exception_handler.cc(61)] ProcessSnapshotWin::Initialize failed
[0124/134151:ERROR:process_reader_win.cc(114)] NtOpenThread: {Access Denied} A process has requested access to an object, but has not been granted those access rights.  (0xc0000022)
[0124/134151:ERROR:process_reader_win.cc(114)] NtOpenThread: {Access Denied} A process has requested access to an object, but has not been granted those access rights.  (0xc0000022)
[0124/134151:ERROR:exception_snapshot_win.cc(87)] thread ID 11960 not found in process
[0124/134151:ERROR:exception_snapshot_win.cc(87)] thread ID 12012 not found in process
[0124/134151:WARNING:crash_report_exception_handler.cc(61)] ProcessSnapshotWin::Initialize failed
[0124/134151:WARNING:crash_report_exception_handler.cc(61)] ProcessSnapshotWin::Initialize failed
